<?xml version="1.0" encoding="UTF-8"?>
<!-- Generated by org.testng.reporters.JUnitReportReporter -->
<testsuite hostname="Purushothams-MacBook-Air.local" failures="0" tests="1" name="Cucumberlistener.TestRunner" time="61.209" errors="0" timestamp="25 Jul 2019 14:54:00 GMT" skipped="0">
  <testcase classname="Cucumberlistener.TestRunner" name="scenario" time="61.209"/>
</testsuite> <!-- Cucumberlistener.TestRunner -->
